<?xml version="1.0" encoding="UTF-8"?>
<testsuite xmlns:xsi="http://www.w3.org/2001/XMLSchema-instance" xsi:schemaLocation="https://maven.apache.org/surefire/maven-surefire-plugin/xsd/surefire-test-report.xsd" name="net.guides.springboot2.springboot2jpacrudexample.EmployeeControllerIntegrationTest" time="104.441" tests="6" errors="4" skipped="0" failures="0">
  <properties>
[...]
</properties>
  <testcase name="testDeleteEmployee" classname="net.guides.springboot2.springboot2jpacrudexample.EmployeeControllerIntegrationTest" time="0.451">
    <error message="Could not extract response: no suitable HttpMessageConverter found for response type [class net.guides.springboot2.springboot2jpacrudexample.model.Employee] and content type [text/html;charset=utf-8]" type="org.springframework.web.client.RestClientException">org.springframework.web.client.RestClientException: Could not extract response: no suitable HttpMessageConverter found for response type [class net.guides.springboot2.springboot2jpacrudexample.model.Employee] and content type [text/html;charset=utf-8]
	at net.guides.springboot2.springboot2jpacrudexample.EmployeeControllerIntegrationTest.testDeleteEmployee(EmployeeControllerIntegrationTest.java:89)
</error>
    <system-out><![CDATA[22:45:28.367 [main] DEBUG org.springframework.test.context.junit4.SpringJUnit4ClassRunner - SpringJUnit4ClassRunner constructor called with [class net.guides.springboot2.springboot2jpacrudexample.EmployeeControllerIntegrationTest]
22:45:28.411 [main] DEBUG org.springframework.test.context.BootstrapUtils - Instantiating CacheAwareContextLoaderDelegate from class [org.springframework.test.context.cache.DefaultCacheAwareContextLoaderDelegate]
22:45:28.460 [main] DEBUG org.springframework.test.context.BootstrapUtils - Instantiating BootstrapContext using constructor [public org.springframework.test.context.support.DefaultBootstrapContext(java.lang.Class,org.springframework.test.context.CacheAwareContextLoaderDelegate)]
22:45:28.616 [main] DEBUG org.springframework.test.context.BootstrapUtils - Instantiating TestContextBootstrapper for test class [net.guides.springboot2.springboot2jpacrudexample.EmployeeControllerIntegrationTest] from class [org.springframework.boot.test.context.SpringBootTestContextBootstrapper]
22:45:28.737 [main] INFO org.springframework.boot.test.context.SpringBootTestContextBootstrapper - Neither @ContextConfiguration nor @ContextHierarchy found for test class [net.guides.springboot2.springboot2jpacrudexample.EmployeeControllerIntegrationTest], using SpringBootContextLoader
22:45:28.759 [main] DEBUG org.springframework.test.context.support.AbstractContextLoader - Did not detect default resource location for test class [net.guides.springboot2.springboot2jpacrudexample.EmployeeControllerIntegrationTest]: class path resource [net/guides/springboot2/springboot2jpacrudexample/EmployeeControllerIntegrationTest-context.xml] does not exist
22:45:28.761 [main] DEBUG org.springframework.test.context.support.AbstractContextLoader - Did not detect default resource location for test class [net.guides.springboot2.springboot2jpacrudexample.EmployeeControllerIntegrationTest]: class path resource [net/guides/springboot2/springboot2jpacrudexample/EmployeeControllerIntegrationTestContext.groovy] does not exist
22:45:28.762 [main] INFO org.springframework.test.context.support.AbstractContextLoader - Could not detect default resource locations for test class [net.guides.springboot2.springboot2jpacrudexample.EmployeeControllerIntegrationTest]: no resource found for suffixes {-context.xml, Context.groovy}.
22:45:29.187 [main] DEBUG org.springframework.test.context.support.ActiveProfilesUtils - Could not find an 'annotation declaring class' for annotation type [org.springframework.test.context.ActiveProfiles] and class [net.guides.springboot2.springboot2jpacrudexample.EmployeeControllerIntegrationTest]
22:45:30.451 [main] DEBUG org.springframework.boot.test.context.SpringBootTestContextBootstrapper - @TestExecutionListeners is not present for class [net.guides.springboot2.springboot2jpacrudexample.EmployeeControllerIntegrationTest]: using defaults.
22:45:30.454 [main] INFO org.springframework.boot.test.context.SpringBootTestContextBootstrapper - Loaded default TestExecutionListener class names from location [META-INF/spring.factories]: [org.springframework.boot.test.mock.mockito.MockitoTestExecutionListener, org.springframework.boot.test.mock.mockito.ResetMocksTestExecutionListener, org.springframework.boot.test.autoconfigure.restdocs.RestDocsTestExecutionListener, org.springframework.boot.test.autoconfigure.web.client.MockRestServiceServerResetTestExecutionListener, org.springframework.boot.test.autoconfigure.web.servlet.MockMvcPrintOnlyOnFailureTestExecutionListener, org.springframework.boot.test.autoconfigure.web.servlet.WebDriverTestExecutionListener, org.springframework.test.context.web.ServletTestExecutionListener, org.springframework.test.context.support.DirtiesContextBeforeModesTestExecutionListener, org.springframework.test.context.support.DependencyInjectionTestExecutionListener, org.springframework.test.context.support.DirtiesContextTestExecutionListener, org.springframework.test.context.transaction.TransactionalTestExecutionListener, org.springframework.test.context.jdbc.SqlScriptsTestExecutionListener]
22:45:30.701 [main] INFO org.springframework.boot.test.context.SpringBootTestContextBootstrapper - Using TestExecutionListeners: [org.springframework.test.context.web.ServletTestExecutionListener@747ddf94, org.springframework.test.context.support.DirtiesContextBeforeModesTestExecutionListener@35e2d654, org.springframework.boot.test.mock.mockito.MockitoTestExecutionListener@1bd4fdd, org.springframework.boot.test.autoconfigure.SpringBootDependencyInjectionTestExecutionListener@55183b20, org.springframework.test.context.support.DirtiesContextTestExecutionListener@4f83df68, org.springframework.test.context.transaction.TransactionalTestExecutionListener@6cf0e0ba, org.springframework.test.context.jdbc.SqlScriptsTestExecutionListener@7d8995e, org.springframework.boot.test.mock.mockito.ResetMocksTestExecutionListener@130d63be, org.springframework.boot.test.autoconfigure.restdocs.RestDocsTestExecutionListener@42a48628, org.springframework.boot.test.autoconfigure.web.client.MockRestServiceServerResetTestExecutionListener@293a5bf6, org.springframework.boot.test.autoconfigure.web.servlet.MockMvcPrintOnlyOnFailureTestExecutionListener@6aeb35e6, org.springframework.boot.test.autoconfigure.web.servlet.WebDriverTestExecutionListener@1283bb96]
22:45:30.709 [main] DEBUG org.springframework.test.annotation.ProfileValueUtils - Retrieved @ProfileValueSourceConfiguration [null] for test class [net.guides.springboot2.springboot2jpacrudexample.EmployeeControllerIntegrationTest]
22:45:30.712 [main] DEBUG org.springframework.test.annotation.ProfileValueUtils - Retrieved ProfileValueSource type [class org.springframework.test.annotation.SystemProfileValueSource] for class [net.guides.springboot2.springboot2jpacrudexample.EmployeeControllerIntegrationTest]
22:45:30.714 [main] DEBUG org.springframework.test.annotation.ProfileValueUtils - Retrieved @ProfileValueSourceConfiguration [null] for test class [net.guides.springboot2.springboot2jpacrudexample.EmployeeControllerIntegrationTest]
22:45:30.715 [main] DEBUG org.springframework.test.annotation.ProfileValueUtils - Retrieved ProfileValueSource type [class org.springframework.test.annotation.SystemProfileValueSource] for class [net.guides.springboot2.springboot2jpacrudexample.EmployeeControllerIntegrationTest]
22:45:30.718 [main] DEBUG org.springframework.test.annotation.ProfileValueUtils - Retrieved @ProfileValueSourceConfiguration [null] for test class [net.guides.springboot2.springboot2jpacrudexample.EmployeeControllerIntegrationTest]
22:45:30.719 [main] DEBUG org.springframework.test.annotation.ProfileValueUtils - Retrieved ProfileValueSource type [class org.springframework.test.annotation.SystemProfileValueSource] for class [net.guides.springboot2.springboot2jpacrudexample.EmployeeControllerIntegrationTest]
22:45:30.740 [main] DEBUG org.springframework.test.context.support.AbstractDirtiesContextTestExecutionListener - Before test class: context [DefaultTestContext@4c583ecf testClass = EmployeeControllerIntegrationTest, testInstance = [null], testMethod = [null], testException = [null], mergedContextConfiguration = [WebMergedContextConfiguration@692f203f testClass = EmployeeControllerIntegrationTest, locations = '{}', classes = '{class net.guides.springboot2.springboot2jpacrudexample.Application, class net.guides.springboot2.springboot2jpacrudexample.Application}', contextInitializerClasses = '[]', activeProfiles = '{}', propertySourceLocations = '{}', propertySourceProperties = '{org.springframework.boot.test.context.SpringBootTestContextBootstrapper=true, server.port=0}', contextCustomizers = set[org.springframework.boot.test.context.filter.ExcludeFilterContextCustomizer@5c18298f, org.springframework.boot.test.json.DuplicateJsonObjectContextCustomizerFactory$DuplicateJsonObjectContextCustomizer@5204062d, org.springframework.boot.test.mock.mockito.MockitoContextCustomizer@0, org.springframework.boot.test.web.client.TestRestTemplateContextCustomizer@61ca2dfa, org.springframework.boot.test.autoconfigure.properties.PropertyMappingContextCustomizer@0, org.springframework.boot.test.autoconfigure.web.servlet.WebDriverContextCustomizerFactory$Customizer@5f71c76a], resourceBasePath = 'src/main/webapp', contextLoader = 'org.springframework.boot.test.context.SpringBootContextLoader', parent = [null]], attributes = map['org.springframework.test.context.web.ServletTestExecutionListener.activateListener' -> false]], class annotated with @DirtiesContext [false] with mode [null].
22:45:30.743 [main] DEBUG org.springframework.test.annotation.ProfileValueUtils - Retrieved @ProfileValueSourceConfiguration [null] for test class [net.guides.springboot2.springboot2jpacrudexample.EmployeeControllerIntegrationTest]
22:45:30.744 [main] DEBUG org.springframework.test.annotation.ProfileValueUtils - Retrieved ProfileValueSource type [class org.springframework.test.annotation.SystemProfileValueSource] for class [net.guides.springboot2.springboot2jpacrudexample.EmployeeControllerIntegrationTest]
22:45:30.768 [main] DEBUG org.springframework.test.context.support.DependencyInjectionTestExecutionListener - Performing dependency injection for test context [[DefaultTestContext@4c583ecf testClass = EmployeeControllerIntegrationTest, testInstance = net.guides.springboot2.springboot2jpacrudexample.EmployeeControllerIntegrationTest@3590fc5b, testMethod = [null], testException = [null], mergedContextConfiguration = [WebMergedContextConfiguration@692f203f testClass = EmployeeControllerIntegrationTest, locations = '{}', classes = '{class net.guides.springboot2.springboot2jpacrudexample.Application, class net.guides.springboot2.springboot2jpacrudexample.Application}', contextInitializerClasses = '[]', activeProfiles = '{}', propertySourceLocations = '{}', propertySourceProperties = '{org.springframework.boot.test.context.SpringBootTestContextBootstrapper=true, server.port=0}', contextCustomizers = set[org.springframework.boot.test.context.filter.ExcludeFilterContextCustomizer@5c18298f, org.springframework.boot.test.json.DuplicateJsonObjectContextCustomizerFactory$DuplicateJsonObjectContextCustomizer@5204062d, org.springframework.boot.test.mock.mockito.MockitoContextCustomizer@0, org.springframework.boot.test.web.client.TestRestTemplateContextCustomizer@61ca2dfa, org.springframework.boot.test.autoconfigure.properties.PropertyMappingContextCustomizer@0, org.springframework.boot.test.autoconfigure.web.servlet.WebDriverContextCustomizerFactory$Customizer@5f71c76a], resourceBasePath = 'src/main/webapp', contextLoader = 'org.springframework.boot.test.context.SpringBootContextLoader', parent = [null]], attributes = map['org.springframework.test.context.web.ServletTestExecutionListener.activateListener' -> false]]].
22:45:30.952 [main] DEBUG org.springframework.core.env.StandardEnvironment - Adding PropertySource 'systemProperties' with lowest search precedence
22:45:30.953 [main] DEBUG org.springframework.core.env.StandardEnvironment - Adding PropertySource 'systemEnvironment' with lowest search precedence
22:45:30.958 [main] DEBUG org.springframework.core.env.StandardEnvironment - Initialized StandardEnvironment with PropertySources [MapPropertySource@1442726378 {name='systemProperties', properties={java.runtime.name=Java(TM) SE Runtime Environment, sun.boot.library.path=C:\Program Files\Java\jdk1.8.0_191\jre\bin, java.vm.version=25.191-b12, java.vm.vendor=Oracle Corporation, java.vendor.url=http://java.oracle.com/, path.separator=;, java.vm.name=Java HotSpot(TM) 64-Bit Server VM, file.encoding.pkg=sun.io, user.country=US, user.script=, sun.java.launcher=SUN_STANDARD, sun.os.patch.level=, java.vm.specification.name=Java Virtual Machine Specification, user.dir=C:\Users\Maheshi\springboot2-jpa-crud-example, java.runtime.version=1.8.0_191-b12, basedir=C:\Users\Maheshi\springboot2-jpa-crud-example, java.awt.graphicsenv=sun.awt.Win32GraphicsEnvironment, java.endorsed.dirs=C:\Program Files\Java\jdk1.8.0_191\jre\lib\endorsed, os.arch=amd64, surefire.real.class.path=C:\Users\Maheshi\springboot2-jpa-crud-example\target\surefire\surefirebooter8840568127680174097.jar, java.io.tmpdir=C:\Users\Maheshi\AppData\Local\Temp\, line.separator=
, java.vm.specification.vendor=Oracle Corporation, user.variant=, os.name=Windows 10, sun.jnu.encoding=Cp1252, java.library.path=C:\Program Files\Java\jdk1.8.0_191\jre\bin;C:\WINDOWS\Sun\Java\bin;C:\WINDOWS\system32;C:\WINDOWS;C:\Program Files\Broadcom\Broadcom 802.11 Network Adapter;;C:\Program Files (x86)\Microsoft SDKs\Azure\CLI2\wbin;;;C:\Program Files (x86)\Common Files\Oracle\Java\javapath;C:\ProgramData\Oracle\Java\javapath;C:\WINDOWS\system32;C:\WINDOWS;C:\WINDOWS\System32\Wbem;C:\WINDOWS\System32\WindowsPowerShell\v1.0\;C:\Program Files\Java\jdk1.8.0_191\bin;C:\Program Files\Java\jre1.8.0_191\bin;C:\Program Files\Git\cmd;C:\WINDOWS\System32\OpenSSH\;C:\Program Files\Microsoft VS Code\bin;C:\Program Files\Java\jdk1.8.0_191;C:\Maven\bin;C:\Maven\bin;C:\Program Files (x86)\Brackets\command;C:\Program Files\Microsoft SQL Server\Client SDK\ODBC\130\Tools\Binn\;C:\Program Files (x86)\Microsoft SQL Server\140\Tools\Binn\;C:\Program Files\Microsoft SQL Server\140\Tools\Binn\;C:\Program Files\Microsoft SQL Server\140\DTS\Binn\;C:\Program Files (x86)\Microsoft SQL Server\140\DTS\Binn\;C:\Program Files\nodejs\;C:\Program Files\dotnet\;C:\Program Files\Microsoft SQL Server\130\Tools\Binn\;C:\Program Files\Microsoft SQL Server\Client SDK\ODBC\170\Tools\Binn\;C:\Gradle\gradle-6.1.1\bin;C:\Users\Maheshi\AppData\Local\Programs\Python\Python37\Scripts\;C:\Users\Maheshi\AppData\Local\Programs\Python\Python37\;C:\Users\Maheshi\AppData\Local\Microsoft\WindowsApps;C:\Users\Maheshi\AppData\Roaming\npm;C:\Users\Maheshi\AppData\Local\GitHubDesktop\bin;C:\Users\Maheshi\.dotnet\tools;C:\Users\Maheshi\AppData\Local\Microsoft\WindowsApps;C:\Program Files\heroku\bin;;., surefire.test.class.path=C:\Users\Maheshi\springboot2-jpa-crud-example\target\test-classes;C:\Users\Maheshi\springboot2-jpa-crud-example\target\classes;C:\Users\Maheshi\.m2\repository\org\springframework\boot\spring-boot-starter-data-jpa\2.0.5.RELEASE\spring-boot-starter-data-jpa-2.0.5.RELEASE.jar;C:\Users\Maheshi\.m2\repository\org\springframework\boot\spring-boot-starter\2.0.5.RELEASE\spring-boot-starter-2.0.5.RELEASE.jar;C:\Users\Maheshi\.m2\repository\org\springframework\boot\spring-boot-starter-logging\2.0.5.RELEASE\spring-boot-starter-logging-2.0.5.RELEASE.jar;C:\Users\Maheshi\.m2\repository\ch\qos\logback\logback-classic\1.2.3\logback-classic-1.2.3.jar;C:\Users\Maheshi\.m2\repository\ch\qos\logback\logback-core\1.2.3\logback-core-1.2.3.jar;C:\Users\Maheshi\.m2\repository\org\apache\logging\log4j\log4j-to-slf4j\2.10.0\log4j-to-slf4j-2.10.0.jar;C:\Users\Maheshi\.m2\repository\org\apache\logging\log4j\log4j-api\2.10.0\log4j-api-2.10.0.jar;C:\Users\Maheshi\.m2\repository\org\slf4j\jul-to-slf4j\1.7.25\jul-to-slf4j-1.7.25.jar;C:\Users\Maheshi\.m2\repository\javax\annotation\javax.annotation-api\1.3.2\javax.annotation-api-1.3.2.jar;C:\Users\Maheshi\.m2\repository\org\yaml\snakeyaml\1.19\snakeyaml-1.19.jar;C:\Users\Maheshi\.m2\repository\org\springframework\boot\spring-boot-starter-aop\2.0.5.RELEASE\spring-boot-starter-aop-2.0.5.RELEASE.jar;C:\Users\Maheshi\.m2\repository\org\springframework\spring-aop\5.0.9.RELEASE\spring-aop-5.0.9.RELEASE.jar;C:\Users\Maheshi\.m2\repository\org\aspectj\aspectjweaver\1.8.13\aspectjweaver-1.8.13.jar;C:\Users\Maheshi\.m2\repository\org\springframework\boot\spring-boot-starter-jdbc\2.0.5.RELEASE\spring-boot-starter-jdbc-2.0.5.RELEASE.jar;C:\Users\Maheshi\.m2\repository\com\zaxxer\HikariCP\2.7.9\HikariCP-2.7.9.jar;C:\Users\Maheshi\.m2\repository\org\springframework\spring-jdbc\5.0.9.RELEASE\spring-jdbc-5.0.9.RELEASE.jar;C:\Users\Maheshi\.m2\repository\javax\transaction\javax.transaction-api\1.2\javax.transaction-api-1.2.jar;C:\Users\Maheshi\.m2\repository\org\hibernate\hibernate-core\5.2.17.Final\hibernate-core-5.2.17.Final.jar;C:\Users\Maheshi\.m2\repository\org\jboss\logging\jboss-logging\3.3.2.Final\jboss-logging-3.3.2.Final.jar;C:\Users\Maheshi\.m2\repository\org\hibernate\javax\persistence\hibernate-jpa-2.1-api\1.0.2.Final\hibernate-jpa-2.1-api-1.0.2.Final.jar;C:\Users\Maheshi\.m2\repository\org\javassist\javassist\3.22.0-GA\javassist-3.22.0-GA.jar;C:\Users\Maheshi\.m2\repository\antlr\antlr\2.7.7\antlr-2.7.7.jar;C:\Users\Maheshi\.m2\repository\org\jboss\jandex\2.0.3.Final\jandex-2.0.3.Final.jar;C:\Users\Maheshi\.m2\repository\com\fasterxml\classmate\1.3.4\classmate-1.3.4.jar;C:\Users\Maheshi\.m2\repository\dom4j\dom4j\1.6.1\dom4j-1.6.1.jar;C:\Users\Maheshi\.m2\repository\org\hibernate\common\hibernate-commons-annotations\5.0.1.Final\hibernate-commons-annotations-5.0.1.Final.jar;C:\Users\Maheshi\.m2\repository\org\springframework\data\spring-data-jpa\2.0.10.RELEASE\spring-data-jpa-2.0.10.RELEASE.jar;C:\Users\Maheshi\.m2\repository\org\springframework\data\spring-data-commons\2.0.10.RELEASE\spring-data-commons-2.0.10.RELEASE.jar;C:\Users\Maheshi\.m2\repository\org\springframework\spring-orm\5.0.9.RELEASE\spring-orm-5.0.9.RELEASE.jar;C:\Users\Maheshi\.m2\repository\org\springframework\spring-context\5.0.9.RELEASE\spring-context-5.0.9.RELEASE.jar;C:\Users\Maheshi\.m2\repository\org\springframework\spring-tx\5.0.9.RELEASE\spring-tx-5.0.9.RELEASE.jar;C:\Users\Maheshi\.m2\repository\org\springframework\spring-beans\5.0.9.RELEASE\spring-beans-5.0.9.RELEASE.jar;C:\Users\Maheshi\.m2\repository\org\slf4j\slf4j-api\1.7.25\slf4j-api-1.7.25.jar;C:\Users\Maheshi\.m2\repository\org\springframework\spring-aspects\5.0.9.RELEASE\spring-aspects-5.0.9.RELEASE.jar;C:\Users\Maheshi\.m2\repository\org\springframework\boot\spring-boot-starter-web\2.0.5.RELEASE\spring-boot-starter-web-2.0.5.RELEASE.jar;C:\Users\Maheshi\.m2\repository\org\springframework\boot\spring-boot-starter-json\2.0.5.RELEASE\spring-boot-starter-json-2.0.5.RELEASE.jar;C:\Users\Maheshi\.m2\repository\com\fasterxml\jackson\core\jackson-databind\2.9.6\jackson-databind-2.9.6.jar;C:\Users\Maheshi\.m2\repository\com\fasterxml\jackson\core\jackson-annotations\2.9.0\jackson-annotations-2.9.0.jar;C:\Users\Maheshi\.m2\repository\com\fasterxml\jackson\core\jackson-core\2.9.6\jackson-core-2.9.6.jar;C:\Users\Maheshi\.m2\repository\com\fasterxml\jackson\datatype\jackson-datatype-jdk8\2.9.6\jackson-datatype-jdk8-2.9.6.jar;C:\Users\Maheshi\.m2\repository\com\fasterxml\jackson\datatype\jackson-datatype-jsr310\2.9.6\jackson-datatype-jsr310-2.9.6.jar;C:\Users\Maheshi\.m2\repository\com\fasterxml\jackson\module\jackson-module-parameter-names\2.9.6\jackson-module-parameter-names-2.9.6.jar;C:\Users\Maheshi\.m2\repository\org\springframework\boot\spring-boot-starter-tomcat\2.0.5.RELEASE\spring-boot-starter-tomcat-2.0.5.RELEASE.jar;C:\Users\Maheshi\.m2\repository\org\apache\tomcat\embed\tomcat-embed-core\8.5.34\tomcat-embed-core-8.5.34.jar;C:\Users\Maheshi\.m2\repository\org\apache\tomcat\embed\tomcat-embed-el\8.5.34\tomcat-embed-el-8.5.34.jar;C:\Users\Maheshi\.m2\repository\org\apache\tomcat\embed\tomcat-embed-websocket\8.5.34\tomcat-embed-websocket-8.5.34.jar;C:\Users\Maheshi\.m2\repository\org\hibernate\validator\hibernate-validator\6.0.12.Final\hibernate-validator-6.0.12.Final.jar;C:\Users\Maheshi\.m2\repository\javax\validation\validation-api\2.0.1.Final\validation-api-2.0.1.Final.jar;C:\Users\Maheshi\.m2\repository\org\springframework\spring-web\5.0.9.RELEASE\spring-web-5.0.9.RELEASE.jar;C:\Users\Maheshi\.m2\repository\org\springframework\spring-webmvc\5.0.9.RELEASE\spring-webmvc-5.0.9.RELEASE.jar;C:\Users\Maheshi\.m2\repository\org\springframework\spring-expression\5.0.9.RELEASE\spring-expression-5.0.9.RELEASE.jar;C:\Users\Maheshi\.m2\repository\org\springframework\boot\spring-boot-starter-actuator\2.0.5.RELEASE\spring-boot-starter-actuator-2.0.5.RELEASE.jar;C:\Users\Maheshi\.m2\repository\org\springframework\boot\spring-boot-actuator-autoconfigure\2.0.5.RELEASE\spring-boot-actuator-autoconfigure-2.0.5.RELEASE.jar;C:\Users\Maheshi\.m2\repository\org\springframework\boot\spring-boot-actuator\2.0.5.RELEASE\spring-boot-actuator-2.0.5.RELEASE.jar;C:\Users\Maheshi\.m2\repository\io\micrometer\micrometer-core\1.0.6\micrometer-core-1.0.6.jar;C:\Users\Maheshi\.m2\repository\org\hdrhistogram\HdrHistogram\2.1.10\HdrHistogram-2.1.10.jar;C:\Users\Maheshi\.m2\repository\org\latencyutils\LatencyUtils\2.0.3\LatencyUtils-2.0.3.jar;C:\Users\Maheshi\.m2\repository\org\springframework\boot\spring-boot-devtools\2.0.5.RELEASE\spring-boot-devtools-2.0.5.RELEASE.jar;C:\Users\Maheshi\.m2\repository\org\springframework\boot\spring-boot\2.0.5.RELEASE\spring-boot-2.0.5.RELEASE.jar;C:\Users\Maheshi\.m2\repository\org\springframework\boot\spring-boot-autoconfigure\2.0.5.RELEASE\spring-boot-autoconfigure-2.0.5.RELEASE.jar;C:\Users\Maheshi\.m2\repository\com\h2database\h2\1.4.197\h2-1.4.197.jar;C:\Users\Maheshi\.m2\repository\org\springframework\boot\spring-boot-starter-test\2.0.5.RELEASE\spring-boot-starter-test-2.0.5.RELEASE.jar;C:\Users\Maheshi\.m2\repository\org\springframework\boot\spring-boot-test\2.0.5.RELEASE\spring-boot-test-2.0.5.RELEASE.jar;C:\Users\Maheshi\.m2\repository\org\springframework\boot\spring-boot-test-autoconfigure\2.0.5.RELEASE\spring-boot-test-autoconfigure-2.0.5.RELEASE.jar;C:\Users\Maheshi\.m2\repository\com\jayway\jsonpath\json-path\2.4.0\json-path-2.4.0.jar;C:\Users\Maheshi\.m2\repository\net\minidev\json-smart\2.3\json-smart-2.3.jar;C:\Users\Maheshi\.m2\repository\net\minidev\accessors-smart\1.2\accessors-smart-1.2.jar;C:\Users\Maheshi\.m2\repository\org\ow2\asm\asm\5.0.4\asm-5.0.4.jar;C:\Users\Maheshi\.m2\repository\junit\junit\4.12\junit-4.12.jar;C:\Users\Maheshi\.m2\repository\org\assertj\assertj-core\3.9.1\assertj-core-3.9.1.jar;C:\Users\Maheshi\.m2\repository\org\mockito\mockito-core\2.15.0\mockito-core-2.15.0.jar;C:\Users\Maheshi\.m2\repository\net\bytebuddy\byte-buddy\1.7.11\byte-buddy-1.7.11.jar;C:\Users\Maheshi\.m2\repository\net\bytebuddy\byte-buddy-agent\1.7.11\byte-buddy-agent-1.7.11.jar;C:\Users\Maheshi\.m2\repository\org\objenesis\objenesis\2.6\objenesis-2.6.jar;C:\Users\Maheshi\.m2\repository\org\hamcrest\hamcrest-core\1.3\hamcrest-core-1.3.jar;C:\Users\Maheshi\.m2\repository\org\hamcrest\hamcrest-library\1.3\hamcrest-library-1.3.jar;C:\Users\Maheshi\.m2\repository\org\skyscreamer\jsonassert\1.5.0\jsonassert-1.5.0.jar;C:\Users\Maheshi\.m2\repository\com\vaadin\external\google\android-json\0.0.20131108.vaadin1\android-json-0.0.20131108.vaadin1.jar;C:\Users\Maheshi\.m2\repository\org\springframework\spring-core\5.0.9.RELEASE\spring-core-5.0.9.RELEASE.jar;C:\Users\Maheshi\.m2\repository\org\springframework\spring-jcl\5.0.9.RELEASE\spring-jcl-5.0.9.RELEASE.jar;C:\Users\Maheshi\.m2\repository\org\springframework\spring-test\5.0.9.RELEASE\spring-test-5.0.9.RELEASE.jar;C:\Users\Maheshi\.m2\repository\org\xmlunit\xmlunit-core\2.5.1\xmlunit-core-2.5.1.jar;, java.specification.name=Java Platform API Specification, java.class.version=52.0, sun.management.compiler=HotSpot 64-Bit Tiered Compilers, os.version=10.0, user.home=C:\Users\Maheshi, user.timezone=Asia/Colombo, java.awt.printerjob=sun.awt.windows.WPrinterJob, file.encoding=Cp1252, java.specification.version=1.8, java.class.path=C:\Users\Maheshi\springboot2-jpa-crud-example\target\test-classes;C:\Users\Maheshi\springboot2-jpa-crud-example\target\classes;C:\Users\Maheshi\.m2\repository\org\springframework\boot\spring-boot-starter-data-jpa\2.0.5.RELEASE\spring-boot-starter-data-jpa-2.0.5.RELEASE.jar;C:\Users\Maheshi\.m2\repository\org\springframework\boot\spring-boot-starter\2.0.5.RELEASE\spring-boot-starter-2.0.5.RELEASE.jar;C:\Users\Maheshi\.m2\repository\org\springframework\boot\spring-boot-starter-logging\2.0.5.RELEASE\spring-boot-starter-logging-2.0.5.RELEASE.jar;C:\Users\Maheshi\.m2\repository\ch\qos\logback\logback-classic\1.2.3\logback-classic-1.2.3.jar;C:\Users\Maheshi\.m2\repository\ch\qos\logback\logback-core\1.2.3\logback-core-1.2.3.jar;C:\Users\Maheshi\.m2\repository\org\apache\logging\log4j\log4j-to-slf4j\2.10.0\log4j-to-slf4j-2.10.0.jar;C:\Users\Maheshi\.m2\repository\org\apache\logging\log4j\log4j-api\2.10.0\log4j-api-2.10.0.jar;C:\Users\Maheshi\.m2\repository\org\slf4j\jul-to-slf4j\1.7.25\jul-to-slf4j-1.7.25.jar;C:\Users\Maheshi\.m2\repository\javax\annotation\javax.annotation-api\1.3.2\javax.annotation-api-1.3.2.jar;C:\Users\Maheshi\.m2\repository\org\yaml\snakeyaml\1.19\snakeyaml-1.19.jar;C:\Users\Maheshi\.m2\repository\org\springframework\boot\spring-boot-starter-aop\2.0.5.RELEASE\spring-boot-starter-aop-2.0.5.RELEASE.jar;C:\Users\Maheshi\.m2\repository\org\springframework\spring-aop\5.0.9.RELEASE\spring-aop-5.0.9.RELEASE.jar;C:\Users\Maheshi\.m2\repository\org\aspectj\aspectjweaver\1.8.13\aspectjweaver-1.8.13.jar;C:\Users\Maheshi\.m2\repository\org\springframework\boot\spring-boot-starter-jdbc\2.0.5.RELEASE\spring-boot-starter-jdbc-2.0.5.RELEASE.jar;C:\Users\Maheshi\.m2\repository\com\zaxxer\HikariCP\2.7.9\HikariCP-2.7.9.jar;C:\Users\Maheshi\.m2\repository\org\springframework\spring-jdbc\5.0.9.RELEASE\spring-jdbc-5.0.9.RELEASE.jar;C:\Users\Maheshi\.m2\repository\javax\transaction\javax.transaction-api\1.2\javax.transaction-api-1.2.jar;C:\Users\Maheshi\.m2\repository\org\hibernate\hibernate-core\5.2.17.Final\hibernate-core-5.2.17.Final.jar;C:\Users\Maheshi\.m2\repository\org\jboss\logging\jboss-logging\3.3.2.Final\jboss-logging-3.3.2.Final.jar;C:\Users\Maheshi\.m2\repository\org\hibernate\javax\persistence\hibernate-jpa-2.1-api\1.0.2.Final\hibernate-jpa-2.1-api-1.0.2.Final.jar;C:\Users\Maheshi\.m2\repository\org\javassist\javassist\3.22.0-GA\javassist-3.22.0-GA.jar;C:\Users\Maheshi\.m2\repository\antlr\antlr\2.7.7\antlr-2.7.7.jar;C:\Users\Maheshi\.m2\repository\org\jboss\jandex\2.0.3.Final\jandex-2.0.3.Final.jar;C:\Users\Maheshi\.m2\repository\com\fasterxml\classmate\1.3.4\classmate-1.3.4.jar;C:\Users\Maheshi\.m2\repository\dom4j\dom4j\1.6.1\dom4j-1.6.1.jar;C:\Users\Maheshi\.m2\repository\org\hibernate\common\hibernate-commons-annotations\5.0.1.Final\hibernate-commons-annotations-5.0.1.Final.jar;C:\Users\Maheshi\.m2\repository\org\springframework\data\spring-data-jpa\2.0.10.RELEASE\spring-data-jpa-2.0.10.RELEASE.jar;C:\Users\Maheshi\.m2\repository\org\springframework\data\spring-data-commons\2.0.10.RELEASE\spring-data-commons-2.0.10.RELEASE.jar;C:\Users\Maheshi\.m2\repository\org\springframework\spring-orm\5.0.9.RELEASE\spring-orm-5.0.9.RELEASE.jar;C:\Users\Maheshi\.m2\repository\org\springframework\spring-context\5.0.9.RELEASE\spring-context-5.0.9.RELEASE.jar;C:\Users\Maheshi\.m2\repository\org\springframework\spring-tx\5.0.9.RELEASE\spring-tx-5.0.9.RELEASE.jar;C:\Users\Maheshi\.m2\repository\org\springframework\spring-beans\5.0.9.RELEASE\spring-beans-5.0.9.RELEASE.jar;C:\Users\Maheshi\.m2\repository\org\slf4j\slf4j-api\1.7.25\slf4j-api-1.7.25.jar;C:\Users\Maheshi\.m2\repository\org\springframework\spring-aspects\5.0.9.RELEASE\spring-aspects-5.0.9.RELEASE.jar;C:\Users\Maheshi\.m2\repository\org\springframework\boot\spring-boot-starter-web\2.0.5.RELEASE\spring-boot-starter-web-2.0.5.RELEASE.jar;C:\Users\Maheshi\.m2\repository\org\springframework\boot\spring-boot-starter-json\2.0.5.RELEASE\spring-boot-starter-json-2.0.5.RELEASE.jar;C:\Users\Maheshi\.m2\repository\com\fasterxml\jackson\core\jackson-databind\2.9.6\jackson-databind-2.9.6.jar;C:\Users\Maheshi\.m2\repository\com\fasterxml\jackson\core\jackson-annotations\2.9.0\jackson-annotations-2.9.0.jar;C:\Users\Maheshi\.m2\repository\com\fasterxml\jackson\core\jackson-core\2.9.6\jackson-core-2.9.6.jar;C:\Users\Maheshi\.m2\repository\com\fasterxml\jackson\datatype\jackson-datatype-jdk8\2.9.6\jackson-datatype-jdk8-2.9.6.jar;C:\Users\Maheshi\.m2\repository\com\fasterxml\jackson\datatype\jackson-datatype-jsr310\2.9.6\jackson-datatype-jsr310-2.9.6.jar;C:\Users\Maheshi\.m2\repository\com\fasterxml\jackson\module\jackson-module-parameter-names\2.9.6\jackson-module-parameter-names-2.9.6.jar;C:\Users\Maheshi\.m2\repository\org\springframework\boot\spring-boot-starter-tomcat\2.0.5.RELEASE\spring-boot-starter-tomcat-2.0.5.RELEASE.jar;C:\Users\Maheshi\.m2\repository\org\apache\tomcat\embed\tomcat-embed-core\8.5.34\tomcat-embed-core-8.5.34.jar;C:\Users\Maheshi\.m2\repository\org\apache\tomcat\embed\tomcat-embed-el\8.5.34\tomcat-embed-el-8.5.34.jar;C:\Users\Maheshi\.m2\repository\org\apache\tomcat\embed\tomcat-embed-websocket\8.5.34\tomcat-embed-websocket-8.5.34.jar;C:\Users\Maheshi\.m2\repository\org\hibernate\validator\hibernate-validator\6.0.12.Final\hibernate-validator-6.0.12.Final.jar;C:\Users\Maheshi\.m2\repository\javax\validation\validation-api\2.0.1.Final\validation-api-2.0.1.Final.jar;C:\Users\Maheshi\.m2\repository\org\springframework\spring-web\5.0.9.RELEASE\spring-web-5.0.9.RELEASE.jar;C:\Users\Maheshi\.m2\repository\org\springframework\spring-webmvc\5.0.9.RELEASE\spring-webmvc-5.0.9.RELEASE.jar;C:\Users\Maheshi\.m2\repository\org\springframework\spring-expression\5.0.9.RELEASE\spring-expression-5.0.9.RELEASE.jar;C:\Users\Maheshi\.m2\repository\org\springframework\boot\spring-boot-starter-actuator\2.0.5.RELEASE\spring-boot-starter-actuator-2.0.5.RELEASE.jar;C:\Users\Maheshi\.m2\repository\org\springframework\boot\spring-boot-actuator-autoconfigure\2.0.5.RELEASE\spring-boot-actuator-autoconfigure-2.0.5.RELEASE.jar;C:\Users\Maheshi\.m2\repository\org\springframework\boot\spring-boot-actuator\2.0.5.RELEASE\spring-boot-actuator-2.0.5.RELEASE.jar;C:\Users\Maheshi\.m2\repository\io\micrometer\micrometer-core\1.0.6\micrometer-core-1.0.6.jar;C:\Users\Maheshi\.m2\repository\org\hdrhistogram\HdrHistogram\2.1.10\HdrHistogram-2.1.10.jar;C:\Users\Maheshi\.m2\repository\org\latencyutils\LatencyUtils\2.0.3\LatencyUtils-2.0.3.jar;C:\Users\Maheshi\.m2\repository\org\springframework\boot\spring-boot-devtools\2.0.5.RELEASE\spring-boot-devtools-2.0.5.RELEASE.jar;C:\Users\Maheshi\.m2\repository\org\springframework\boot\spring-boot\2.0.5.RELEASE\spring-boot-2.0.5.RELEASE.jar;C:\Users\Maheshi\.m2\repository\org\springframework\boot\spring-boot-autoconfigure\2.0.5.RELEASE\spring-boot-autoconfigure-2.0.5.RELEASE.jar;C:\Users\Maheshi\.m2\repository\com\h2database\h2\1.4.197\h2-1.4.197.jar;C:\Users\Maheshi\.m2\repository\org\springframework\boot\spring-boot-starter-test\2.0.5.RELEASE\spring-boot-starter-test-2.0.5.RELEASE.jar;C:\Users\Maheshi\.m2\repository\org\springframework\boot\spring-boot-test\2.0.5.RELEASE\spring-boot-test-2.0.5.RELEASE.jar;C:\Users\Maheshi\.m2\repository\org\springframework\boot\spring-boot-test-autoconfigure\2.0.5.RELEASE\spring-boot-test-autoconfigure-2.0.5.RELEASE.jar;C:\Users\Maheshi\.m2\repository\com\jayway\jsonpath\json-path\2.4.0\json-path-2.4.0.jar;C:\Users\Maheshi\.m2\repository\net\minidev\json-smart\2.3\json-smart-2.3.jar;C:\Users\Maheshi\.m2\repository\net\minidev\accessors-smart\1.2\accessors-smart-1.2.jar;C:\Users\Maheshi\.m2\repository\org\ow2\asm\asm\5.0.4\asm-5.0.4.jar;C:\Users\Maheshi\.m2\repository\junit\junit\4.12\junit-4.12.jar;C:\Users\Maheshi\.m2\repository\org\assertj\assertj-core\3.9.1\assertj-core-3.9.1.jar;C:\Users\Maheshi\.m2\repository\org\mockito\mockito-core\2.15.0\mockito-core-2.15.0.jar;C:\Users\Maheshi\.m2\repository\net\bytebuddy\byte-buddy\1.7.11\byte-buddy-1.7.11.jar;C:\Users\Maheshi\.m2\repository\net\bytebuddy\byte-buddy-agent\1.7.11\byte-buddy-agent-1.7.11.jar;C:\Users\Maheshi\.m2\repository\org\objenesis\objenesis\2.6\objenesis-2.6.jar;C:\Users\Maheshi\.m2\repository\org\hamcrest\hamcrest-core\1.3\hamcrest-core-1.3.jar;C:\Users\Maheshi\.m2\repository\org\hamcrest\hamcrest-library\1.3\hamcrest-library-1.3.jar;C:\Users\Maheshi\.m2\repository\org\skyscreamer\jsonassert\1.5.0\jsonassert-1.5.0.jar;C:\Users\Maheshi\.m2\repository\com\vaadin\external\google\android-json\0.0.20131108.vaadin1\android-json-0.0.20131108.vaadin1.jar;C:\Users\Maheshi\.m2\repository\org\springframework\spring-core\5.0.9.RELEASE\spring-core-5.0.9.RELEASE.jar;C:\Users\Maheshi\.m2\repository\org\springframework\spring-jcl\5.0.9.RELEASE\spring-jcl-5.0.9.RELEASE.jar;C:\Users\Maheshi\.m2\repository\org\springframework\spring-test\5.0.9.RELEASE\spring-test-5.0.9.RELEASE.jar;C:\Users\Maheshi\.m2\repository\org\xmlunit\xmlunit-core\2.5.1\xmlunit-core-2.5.1.jar;, user.name=Maheshi, java.vm.specification.version=1.8, sun.java.command=C:\Users\Maheshi\springboot2-jpa-crud-example\target\surefire\surefirebooter8840568127680174097.jar C:\Users\Maheshi\springboot2-jpa-crud-example\target\surefire\surefire3757160208149594478tmp C:\Users\Maheshi\springboot2-jpa-crud-example\target\surefire\surefire_06258554872412834331tmp, java.home=C:\Program Files\Java\jdk1.8.0_191\jre, sun.arch.data.model=64, user.language=en, java.specification.vendor=Oracle Corporation, awt.toolkit=sun.awt.windows.WToolkit, java.vm.info=mixed mode, java.version=1.8.0_191, java.ext.dirs=C:\Program Files\Java\jdk1.8.0_191\jre\lib\ext;C:\WINDOWS\Sun\Java\lib\ext, sun.boot.class.path=C:\Program Files\Java\jdk1.8.0_191\jre\lib\resources.jar;C:\Program Files\Java\jdk1.8.0_191\jre\lib\rt.jar;C:\Program Files\Java\jdk1.8.0_191\jre\lib\sunrsasign.jar;C:\Program Files\Java\jdk1.8.0_191\jre\lib\jsse.jar;C:\Program Files\Java\jdk1.8.0_191\jre\lib\jce.jar;C:\Program Files\Java\jdk1.8.0_191\jre\lib\charsets.jar;C:\Program Files\Java\jdk1.8.0_191\jre\lib\jfr.jar;C:\Program Files\Java\jdk1.8.0_191\jre\classes, java.vendor=Oracle Corporation, localRepository=C:\Users\Maheshi\.m2\repository, file.separator=\, java.vendor.url.bug=http://bugreport.sun.com/bugreport/, sun.io.unicode.encoding=UnicodeLittle, sun.cpu.endian=little, sun.desktop=windows, sun.cpu.isalist=amd64}}, SystemEnvironmentPropertySource@16503286 {name='systemEnvironment', properties={PATH=C:\Program Files\Broadcom\Broadcom 802.11 Network Adapter;;C:\Program Files (x86)\Microsoft SDKs\Azure\CLI2\wbin;;;C:\Program Files (x86)\Common Files\Oracle\Java\javapath;C:\ProgramData\Oracle\Java\javapath;C:\WINDOWS\system32;C:\WINDOWS;C:\WINDOWS\System32\Wbem;C:\WINDOWS\System32\WindowsPowerShell\v1.0\;C:\Program Files\Java\jdk1.8.0_191\bin;C:\Program Files\Java\jre1.8.0_191\bin;C:\Program Files\Git\cmd;C:\WINDOWS\System32\OpenSSH\;C:\Program Files\Microsoft VS Code\bin;C:\Program Files\Java\jdk1.8.0_191;C:\Maven\bin;C:\Maven\bin;C:\Program Files (x86)\Brackets\command;C:\Program Files\Microsoft SQL Server\Client SDK\ODBC\130\Tools\Binn\;C:\Program Files (x86)\Microsoft SQL Server\140\Tools\Binn\;C:\Program Files\Microsoft SQL Server\140\Tools\Binn\;C:\Program Files\Microsoft SQL Server\140\DTS\Binn\;C:\Program Files (x86)\Microsoft SQL Server\140\DTS\Binn\;C:\Program Files\nodejs\;C:\Program Files\dotnet\;C:\Program Files\Microsoft SQL Server\130\Tools\Binn\;C:\Program Files\Microsoft SQL Server\Client SDK\ODBC\170\Tools\Binn\;C:\Gradle\gradle-6.1.1\bin;C:\Users\Maheshi\AppData\Local\Programs\Python\Python37\Scripts\;C:\Users\Maheshi\AppData\Local\Programs\Python\Python37\;C:\Users\Maheshi\AppData\Local\Microsoft\WindowsApps;C:\Users\Maheshi\AppData\Roaming\npm;C:\Users\Maheshi\AppData\Local\GitHubDesktop\bin;C:\Users\Maheshi\.dotnet\tools;C:\Users\Maheshi\AppData\Local\Microsoft\WindowsApps;C:\Program Files\heroku\bin;, USERDOMAIN_ROAMINGPROFILE=DESKTOP-RFDQQG6, PROCESSOR_LEVEL=6, SYSTEMDRIVE=C:, SESSIONNAME=Console, ALLUSERSPROFILE=C:\ProgramData, PROCESSOR_ARCHITECTURE=AMD64, DRIVERDATA=C:\Windows\System32\Drivers\DriverData, MAVEN_HOME=C:\Maven, PROGRAMFILES=C:\Program Files, PSMODULEPATH=C:\Program Files\WindowsPowerShell\Modules;C:\WINDOWS\system32\WindowsPowerShell\v1.0\Modules;C:\Program Files (x86)\Microsoft SQL Server\140\Tools\PowerShell\Modules\, PROGRAMDATA=C:\ProgramData, WRAPPER_LAUNCHER=org.apache.maven.wrapper.MavenWrapperMain, USERNAME=Maheshi, WDIR=C:\Users\Maheshi\springboot2-jpa-crud-example, FPS_BROWSER_USER_PROFILE_STRING=Default, ONEDRIVE=C:\Users\Maheshi\OneDrive, PATHEXT=.COM;.EXE;.BAT;.CMD;.VBS;.VBE;.JS;.JSE;.WSF;.WSH;.MSC, WINDIR=C:\WINDOWS, HOMEPATH=\Users\Maheshi, PROCESSOR_IDENTIFIER=Intel64 Family 6 Model 76 Stepping 3, GenuineIntel, M2_HOME=C:\Maven, MAVEN_JAVA_EXE="C:\Program Files\Java\jdk1.8.0_191\bin\java.exe", PUBLIC=C:\Users\Public, =::=::\, =EXITCODE=00000001, LOCALAPPDATA=C:\Users\Maheshi\AppData\Local, COMMONPROGRAMFILES(X86)=C:\Program Files (x86)\Common Files, USERDOMAIN=DESKTOP-RFDQQG6, FPS_BROWSER_APP_PROFILE_STRING=Internet Explorer, LOGONSERVER=\\DESKTOP-RFDQQG6, JAVA_HOME=C:\Program Files\Java\jdk1.8.0_191, PROMPT=$P$G, PROGRAMFILES(X86)=C:\Program Files (x86), ERROR_CODE=0, EXEC_DIR=C:\Users\Maheshi\springboot2-jpa-crud-example, GRADLE_HOME=C:\Gradle\gradle-6.1.1, =C:=C:\Users\Maheshi\springboot2-jpa-crud-example, APPDATA=C:\Users\Maheshi\AppData\Roaming, PROGRAMW6432=C:\Program Files, SYSTEMROOT=C:\WINDOWS, OS=Windows_NT, COMMONPROGRAMW6432=C:\Program Files\Common Files, COMPUTERNAME=DESKTOP-RFDQQG6, COMMONPROGRAMFILES=C:\Program Files\Common Files, COMSPEC=C:\WINDOWS\system32\cmd.exe, MAVEN_PROJECTBASEDIR=C:\Users\Maheshi\springboot2-jpa-crud-example, PROCESSOR_REVISION=4c03, WRAPPER_JAR="C:\Users\Maheshi\springboot2-jpa-crud-example\.mvn\wrapper\maven-wrapper.jar", TEMP=C:\Users\Maheshi\AppData\Local\Temp, HOMEDRIVE=C:, USERPROFILE=C:\Users\Maheshi, TMP=C:\Users\Maheshi\AppData\Local\Temp, NUMBER_OF_PROCESSORS=2, HOME=C:\Users\Maheshi}}]
22:45:30.973 [main] DEBUG org.springframework.test.context.support.TestPropertySourceUtils - Adding inlined properties to environment: {spring.jmx.enabled=false, org.springframework.boot.test.context.SpringBootTestContextBootstrapper=true, server.port=0}
22:45:30.974 [main] DEBUG org.springframework.core.env.StandardEnvironment - Adding PropertySource 'Inlined Test Properties' with highest search precedence

  .   ____          _            __ _ _
 /\\ / ___'_ __ _ _(_)_ __  __ _ \ \ \ \
( ( )\___ | '_ | '_| | '_ \/ _` | \ \ \ \
 \\/  ___)| |_)| | | | | || (_| |  ) ) ) )
  '  |____| .__|_| |_|_| |_\__, | / / / /
 =========|_|==============|___/=/_/_/_/
 :: Spring Boot ::        (v2.0.5.RELEASE)

2020-08-15 22:45:34.644  INFO 6468 --- [           main] .g.s.s.EmployeeControllerIntegrationTest : Starting EmployeeControllerIntegrationTest on DESKTOP-RFDQQG6 with PID 6468 (started by Maheshi in C:\Users\Maheshi\springboot2-jpa-crud-example)
2020-08-15 22:45:34.651  INFO 6468 --- [           main] .g.s.s.EmployeeControllerIntegrationTest : No active profile set, falling back to default profiles: default
2020-08-15 22:45:34.988  INFO 6468 --- [           main] ConfigServletWebServerApplicationContext : Refreshing org.springframework.boot.web.servlet.context.AnnotationConfigServletWebServerApplicationContext@740cae06: startup date [Sat Aug 15 22:45:34 IST 2020]; root of context hierarchy
2020-08-15 22:45:59.152  INFO 6468 --- [           main] trationDelegate$BeanPostProcessorChecker : Bean 'org.springframework.transaction.annotation.ProxyTransactionManagementConfiguration' of type [org.springframework.transaction.annotation.ProxyTransactionManagementConfiguration$$EnhancerBySpringCGLIB$$f5503200] is not eligible for getting processed by all BeanPostProcessors (for example: not eligible for auto-proxying)
2020-08-15 22:46:07.121  INFO 6468 --- [           main] o.s.b.w.embedded.tomcat.TomcatWebServer  : Tomcat initialized with port(s): 0 (http)
2020-08-15 22:46:07.433  INFO 6468 --- [           main] o.apache.catalina.core.StandardService   : Starting service [Tomcat]
2020-08-15 22:46:07.434  INFO 6468 --- [           main] org.apache.catalina.core.StandardEngine  : Starting Servlet Engine: Apache Tomcat/8.5.34
2020-08-15 22:46:07.633  INFO 6468 --- [ost-startStop-1] o.a.catalina.core.AprLifecycleListener   : The APR based Apache Tomcat Native library which allows optimal performance in production environments was not found on the java.library.path: [C:\Program Files\Java\jdk1.8.0_191\jre\bin;C:\WINDOWS\Sun\Java\bin;C:\WINDOWS\system32;C:\WINDOWS;C:\Program Files\Broadcom\Broadcom 802.11 Network Adapter;;C:\Program Files (x86)\Microsoft SDKs\Azure\CLI2\wbin;;;C:\Program Files (x86)\Common Files\Oracle\Java\javapath;C:\ProgramData\Oracle\Java\javapath;C:\WINDOWS\system32;C:\WINDOWS;C:\WINDOWS\System32\Wbem;C:\WINDOWS\System32\WindowsPowerShell\v1.0\;C:\Program Files\Java\jdk1.8.0_191\bin;C:\Program Files\Java\jre1.8.0_191\bin;C:\Program Files\Git\cmd;C:\WINDOWS\System32\OpenSSH\;C:\Program Files\Microsoft VS Code\bin;C:\Program Files\Java\jdk1.8.0_191;C:\Maven\bin;C:\Maven\bin;C:\Program Files (x86)\Brackets\command;C:\Program Files\Microsoft SQL Server\Client SDK\ODBC\130\Tools\Binn\;C:\Program Files (x86)\Microsoft SQL Server\140\Tools\Binn\;C:\Program Files\Microsoft SQL Server\140\Tools\Binn\;C:\Program Files\Microsoft SQL Server\140\DTS\Binn\;C:\Program Files (x86)\Microsoft SQL Server\140\DTS\Binn\;C:\Program Files\nodejs\;C:\Program Files\dotnet\;C:\Program Files\Microsoft SQL Server\130\Tools\Binn\;C:\Program Files\Microsoft SQL Server\Client SDK\ODBC\170\Tools\Binn\;C:\Gradle\gradle-6.1.1\bin;C:\Users\Maheshi\AppData\Local\Programs\Python\Python37\Scripts\;C:\Users\Maheshi\AppData\Local\Programs\Python\Python37\;C:\Users\Maheshi\AppData\Local\Microsoft\WindowsApps;C:\Users\Maheshi\AppData\Roaming\npm;C:\Users\Maheshi\AppData\Local\GitHubDesktop\bin;C:\Users\Maheshi\.dotnet\tools;C:\Users\Maheshi\AppData\Local\Microsoft\WindowsApps;C:\Program Files\heroku\bin;;.]
2020-08-15 22:46:09.364  INFO 6468 --- [ost-startStop-1] o.a.c.c.C.[.[.[/springboot-crud-rest]    : Initializing Spring embedded WebApplicationContext
2020-08-15 22:46:09.365  INFO 6468 --- [ost-startStop-1] o.s.web.context.ContextLoader            : Root WebApplicationContext: initialization completed in 34422 ms
2020-08-15 22:46:17.394  INFO 6468 --- [ost-startStop-1] o.s.b.w.servlet.FilterRegistrationBean   : Mapping filter: 'characterEncodingFilter' to: [/*]
2020-08-15 22:46:17.397  INFO 6468 --- [ost-startStop-1] o.s.b.w.servlet.FilterRegistrationBean   : Mapping filter: 'webMvcMetricsFilter' to: [/*]
2020-08-15 22:46:17.399  INFO 6468 --- [ost-startStop-1] o.s.b.w.servlet.FilterRegistrationBean   : Mapping filter: 'hiddenHttpMethodFilter' to: [/*]
2020-08-15 22:46:17.400  INFO 6468 --- [ost-startStop-1] o.s.b.w.servlet.FilterRegistrationBean   : Mapping filter: 'httpPutFormContentFilter' to: [/*]
2020-08-15 22:46:17.402  INFO 6468 --- [ost-startStop-1] o.s.b.w.servlet.FilterRegistrationBean   : Mapping filter: 'requestContextFilter' to: [/*]
2020-08-15 22:46:17.403  INFO 6468 --- [ost-startStop-1] o.s.b.w.servlet.FilterRegistrationBean   : Mapping filter: 'httpTraceFilter' to: [/*]
2020-08-15 22:46:17.405  INFO 6468 --- [ost-startStop-1] o.s.b.w.servlet.ServletRegistrationBean  : Servlet dispatcherServlet mapped to [/]
2020-08-15 22:46:18.954  INFO 6468 --- [           main] com.zaxxer.hikari.HikariDataSource       : HikariPool-1 - Starting...
2020-08-15 22:46:20.730  INFO 6468 --- [           main] com.zaxxer.hikari.HikariDataSource       : HikariPool-1 - Start completed.
2020-08-15 22:46:21.468  INFO 6468 --- [           main] j.LocalContainerEntityManagerFactoryBean : Building JPA container EntityManagerFactory for persistence unit 'default'
2020-08-15 22:46:21.909  INFO 6468 --- [           main] o.hibernate.jpa.internal.util.LogHelper  : HHH000204: Processing PersistenceUnitInfo [
	name: default
	...]
2020-08-15 22:46:24.186  INFO 6468 --- [           main] org.hibernate.Version                    : HHH000412: Hibernate Core {5.2.17.Final}
2020-08-15 22:46:24.199  INFO 6468 --- [           main] org.hibernate.cfg.Environment            : HHH000206: hibernate.properties not found
2020-08-15 22:46:24.905  INFO 6468 --- [           main] o.hibernate.annotations.common.Version   : HCANN000001: Hibernate Commons Annotations {5.0.1.Final}
2020-08-15 22:46:27.501  INFO 6468 --- [           main] org.hibernate.dialect.Dialect            : HHH000400: Using dialect: org.hibernate.dialect.H2Dialect
2020-08-15 22:46:33.385  INFO 6468 --- [           main] o.h.t.schema.internal.SchemaCreatorImpl  : HHH000476: Executing import script 'org.hibernate.tool.schema.internal.exec.ScriptSourceInputNonExistentImpl@4ae2e781'
2020-08-15 22:46:33.431  INFO 6468 --- [           main] j.LocalContainerEntityManagerFactoryBean : Initialized JPA EntityManagerFactory for persistence unit 'default'
2020-08-15 22:46:39.129  INFO 6468 --- [           main] o.s.w.s.handler.SimpleUrlHandlerMapping  : Mapped URL path [/**/favicon.ico] onto handler of type [class org.springframework.web.servlet.resource.ResourceHttpRequestHandler]
2020-08-15 22:46:42.259  INFO 6468 --- [           main] s.w.s.m.m.a.RequestMappingHandlerAdapter : Looking for @ControllerAdvice: org.springframework.boot.web.servlet.context.AnnotationConfigServletWebServerApplicationContext@740cae06: startup date [Sat Aug 15 22:45:34 IST 2020]; root of context hierarchy
2020-08-15 22:46:42.776  WARN 6468 --- [           main] aWebConfiguration$JpaWebMvcConfiguration : spring.jpa.open-in-view is enabled by default. Therefore, database queries may be performed during view rendering. Explicitly configure spring.jpa.open-in-view to disable this warning
2020-08-15 22:46:43.369  INFO 6468 --- [           main] s.w.s.m.m.a.RequestMappingHandlerMapping : Mapped "{[/api/v1/employees],methods=[GET]}" onto public java.util.List<net.guides.springboot2.springboot2jpacrudexample.model.Employee> net.guides.springboot2.springboot2jpacrudexample.controller.EmployeeController.getAllEmployees()
2020-08-15 22:46:43.377  INFO 6468 --- [           main] s.w.s.m.m.a.RequestMappingHandlerMapping : Mapped "{[/api/v1/employees/{id}],methods=[GET]}" onto public org.springframework.http.ResponseEntity<net.guides.springboot2.springboot2jpacrudexample.model.Employee> net.guides.springboot2.springboot2jpacrudexample.controller.EmployeeController.getEmployeeById(java.lang.Long) throws net.guides.springboot2.springboot2jpacrudexample.exception.ResourceNotFoundException
2020-08-15 22:46:43.391  INFO 6468 --- [           main] s.w.s.m.m.a.RequestMappingHandlerMapping : Mapped "{[/api/v1/employees/{id}],methods=[DELETE]}" onto public java.util.Map<java.lang.String, java.lang.Boolean> net.guides.springboot2.springboot2jpacrudexample.controller.EmployeeController.deleteEmployee(java.lang.Long) throws net.guides.springboot2.springboot2jpacrudexample.exception.ResourceNotFoundException
2020-08-15 22:46:43.395  INFO 6468 --- [           main] s.w.s.m.m.a.RequestMappingHandlerMapping : Mapped "{[/api/v1/employees/{id}],methods=[PUT]}" onto public org.springframework.http.ResponseEntity<net.guides.springboot2.springboot2jpacrudexample.model.Employee> net.guides.springboot2.springboot2jpacrudexample.controller.EmployeeController.updateEmployee(java.lang.Long,net.guides.springboot2.springboot2jpacrudexample.model.Employee) throws net.guides.springboot2.springboot2jpacrudexample.exception.ResourceNotFoundException
2020-08-15 22:46:43.397  INFO 6468 --- [           main] s.w.s.m.m.a.RequestMappingHandlerMapping : Mapped "{[/api/v1/employees],methods=[POST]}" onto public net.guides.springboot2.springboot2jpacrudexample.model.Employee net.guides.springboot2.springboot2jpacrudexample.controller.EmployeeController.createEmployee(net.guides.springboot2.springboot2jpacrudexample.model.Employee)
2020-08-15 22:46:43.826  INFO 6468 --- [           main] s.w.s.m.m.a.RequestMappingHandlerMapping : Mapped "{[/error]}" onto public org.springframework.http.ResponseEntity<java.util.Map<java.lang.String, java.lang.Object>> org.springframework.boot.autoconfigure.web.servlet.error.BasicErrorController.error(javax.servlet.http.HttpServletRequest)
2020-08-15 22:46:43.831  INFO 6468 --- [           main] s.w.s.m.m.a.RequestMappingHandlerMapping : Mapped "{[/error],produces=[text/html]}" onto public org.springframework.web.servlet.ModelAndView org.springframework.boot.autoconfigure.web.servlet.error.BasicErrorController.errorHtml(javax.servlet.http.HttpServletRequest,javax.servlet.http.HttpServletResponse)
2020-08-15 22:46:44.205  INFO 6468 --- [           main] o.s.w.s.handler.SimpleUrlHandlerMapping  : Mapped URL path [/webjars/**] onto handler of type [class org.springframework.web.servlet.resource.ResourceHttpRequestHandler]
2020-08-15 22:46:44.216  INFO 6468 --- [           main] o.s.w.s.handler.SimpleUrlHandlerMapping  : Mapped URL path [/**] onto handler of type [class org.springframework.web.servlet.resource.ResourceHttpRequestHandler]
2020-08-15 22:46:44.477  INFO 6468 --- [           main] .m.m.a.ExceptionHandlerExceptionResolver : Detected @ExceptionHandler methods in globalExceptionHandler
2020-08-15 22:46:47.880  INFO 6468 --- [           main] o.s.b.a.e.web.EndpointLinksResolver      : Exposing 2 endpoint(s) beneath base path '/actuator'
2020-08-15 22:46:48.022  INFO 6468 --- [           main] s.b.a.e.w.s.WebMvcEndpointHandlerMapping : Mapped "{[/actuator/health],methods=[GET],produces=[application/vnd.spring-boot.actuator.v2+json || application/json]}" onto public java.lang.Object org.springframework.boot.actuate.endpoint.web.servlet.AbstractWebMvcEndpointHandlerMapping$OperationHandler.handle(javax.servlet.http.HttpServletRequest,java.util.Map<java.lang.String, java.lang.String>)
2020-08-15 22:46:48.027  INFO 6468 --- [           main] s.b.a.e.w.s.WebMvcEndpointHandlerMapping : Mapped "{[/actuator/info],methods=[GET],produces=[application/vnd.spring-boot.actuator.v2+json || application/json]}" onto public java.lang.Object org.springframework.boot.actuate.endpoint.web.servlet.AbstractWebMvcEndpointHandlerMapping$OperationHandler.handle(javax.servlet.http.HttpServletRequest,java.util.Map<java.lang.String, java.lang.String>)
2020-08-15 22:46:48.033  INFO 6468 --- [           main] s.b.a.e.w.s.WebMvcEndpointHandlerMapping : Mapped "{[/actuator],methods=[GET],produces=[application/vnd.spring-boot.actuator.v2+json || application/json]}" onto protected java.util.Map<java.lang.String, java.util.Map<java.lang.String, org.springframework.boot.actuate.endpoint.web.Link>> org.springframework.boot.actuate.endpoint.web.servlet.WebMvcEndpointHandlerMapping.links(javax.servlet.http.HttpServletRequest,javax.servlet.http.HttpServletResponse)
2020-08-15 22:46:50.384  INFO 6468 --- [           main] o.s.b.w.embedded.tomcat.TomcatWebServer  : Tomcat started on port(s): 53193 (http) with context path '/springboot-crud-rest'
2020-08-15 22:46:50.410  INFO 6468 --- [           main] .g.s.s.EmployeeControllerIntegrationTest : Started EmployeeControllerIntegrationTest in 79.404 seconds (JVM running for 85.924)
]]></system-out>
  </testcase>
  <testcase name="testGetEmployeeById" classname="net.guides.springboot2.springboot2jpacrudexample.EmployeeControllerIntegrationTest" time="2.286">
    <error message="Could not extract response: no suitable HttpMessageConverter found for response type [class net.guides.springboot2.springboot2jpacrudexample.model.Employee] and content type [text/html;charset=utf-8]" type="org.springframework.web.client.RestClientException">org.springframework.web.client.RestClientException: Could not extract response: no suitable HttpMessageConverter found for response type [class net.guides.springboot2.springboot2jpacrudexample.model.Employee] and content type [text/html;charset=utf-8]
	at net.guides.springboot2.springboot2jpacrudexample.EmployeeControllerIntegrationTest.testGetEmployeeById(EmployeeControllerIntegrationTest.java:56)
</error>
  </testcase>
  <testcase name="testUpdateEmployee" classname="net.guides.springboot2.springboot2jpacrudexample.EmployeeControllerIntegrationTest" time="8.115">
    <error message="Could not extract response: no suitable HttpMessageConverter found for response type [class net.guides.springboot2.springboot2jpacrudexample.model.Employee] and content type [text/html;charset=utf-8]" type="org.springframework.web.client.RestClientException">org.springframework.web.client.RestClientException: Could not extract response: no suitable HttpMessageConverter found for response type [class net.guides.springboot2.springboot2jpacrudexample.model.Employee] and content type [text/html;charset=utf-8]
	at net.guides.springboot2.springboot2jpacrudexample.EmployeeControllerIntegrationTest.testUpdateEmployee(EmployeeControllerIntegrationTest.java:76)
</error>
  </testcase>
  <testcase name="testCreateEmployee" classname="net.guides.springboot2.springboot2jpacrudexample.EmployeeControllerIntegrationTest" time="0.346">
    <error message="Could not extract response: no suitable HttpMessageConverter found for response type [class net.guides.springboot2.springboot2jpacrudexample.model.Employee] and content type [text/html;charset=utf-8]" type="org.springframework.web.client.RestClientException">org.springframework.web.client.RestClientException: Could not extract response: no suitable HttpMessageConverter found for response type [class net.guides.springboot2.springboot2jpacrudexample.model.Employee] and content type [text/html;charset=utf-8]
	at net.guides.springboot2.springboot2jpacrudexample.EmployeeControllerIntegrationTest.testCreateEmployee(EmployeeControllerIntegrationTest.java:68)
</error>
  </testcase>
  <testcase name="testGetAllEmployees" classname="net.guides.springboot2.springboot2jpacrudexample.EmployeeControllerIntegrationTest" time="0.217"/>
  <testcase name="contextLoads" classname="net.guides.springboot2.springboot2jpacrudexample.EmployeeControllerIntegrationTest" time="0"/>
</testsuite>